{"level":"info","message":"Server is listening on port "}
{"level":"info","message":"Server is listening on port "}
{"level":"info","message":"Server is listening on port "}
{"level":"info","message":"Server is listening on port "}
{"level":"info","message":"Server is listening on port "}
{"level":"info","message":"Server is listening on port "}
{"message":"Registration is done successfully !","level":"info"}
{"level":"info","message":"Server is listening on port "}
{"message":"User with this email Id is alreday exists","level":"error"}
{"message":"Registration is done successfully !","level":"info"}
{"level":"info","message":"Server is listening on port "}
{"message":"Registration is done successfully !","level":"info"}
{"level":"info","message":"Server is listening on port "}
{"message":"User with this email Id is alreday exists","level":"error"}
{"level":"info","message":"Server is listening on port "}
{"message":"User with this email Id is alreday exists","level":"error"}
{"level":"info","message":"Server is listening on port "}
{"level":"info","message":"Server is listening on port "}
{"message":"Registration is done successfully !","level":"info"}
{"level":"info","message":"Server is listening on port "}
{"message":"Registration is done successfully !","level":"info"}
{"level":"info","message":"Server is listening on port "}
{"message":"User with this email Id is alreday exists","level":"error"}
{"level":"info","message":"Server is listening on port "}
{"message":"Registration is done successfully !","level":"info"}
{"message":"User with this email Id is alreday exists","level":"error"}
{"level":"info","message":"Server is listening on port "}
{"level":"info","message":"Server is listening on port "}
{"level":"info","message":"Server is listening on port "}
{"message":"User with this email Id is alreday exists","level":"error"}
{"level":"info","message":"Server is listening on port "}
{"level":"info","message":"Server is listening on port "}
{"message":"User with this email Id is alreday exists","level":"error"}
{"message":"User with this email Id is alreday exists","level":"error"}
{"message":"User with this email Id is alreday exists","level":"error"}
{"level":"info","message":"Server is listening on port "}
{"level":"info","message":"Server is listening on port "}
{"message":"User with this email Id is alreday exists","level":"error"}
{"level":"info","message":"Server is listening on port "}
{"message":"User with this email Id is alreday exists","level":"error"}
{"level":"info","message":"Server is listening on port "}
{"level":"info","message":"Server is listening on port "}
{"level":"info","message":"Server is listening on port "}
{"level":"info","message":"Server is listening on port "}
{"level":"info","message":"Server is listening on port "}
{"level":"info","message":"Server is listening on port "}
{"level":"info","message":"Server is listening on port "}
{"level":"info","message":"Server is listening on port "}
{"level":"info","message":"Server is listening on port "}
{"level":"info","message":"Server is listening on port "}
{"level":"info","message":"Server is listening on port "}
{"level":"info","message":"Server is listening on port "}
{"level":"info","message":"Server is listening on port "}
{"level":"info","message":"Server is listening on port "}
{"level":"info","message":"Server is listening on port "}
{"level":"info","message":"Server is listening on port "}
{"level":"info","message":"Server is listening on port "}
{"message":"Login Successfull !","level":"info"}
{"level":"info","message":"Server is listening on port "}
{"message":"Login Successfull !","level":"info"}
{"message":"Login Successfull !","level":"info"}
{"message":"Login Successfull !","level":"info"}
{"message":"Login Successfull !","level":"info"}
{"level":"info","message":"Server is listening on port "}
{"level":"info","message":"Server is listening on port "}
{"level":"info","message":"Server is listening on port "}
{"level":"info","message":"Server is listening on port "}
{"level":"info","message":"Server is listening on port "}
{"level":"info","message":"Server is listening on port "}
{"level":"info","message":"Server is listening on port "}
{"level":"info","message":"Server is listening on port "}
{"level":"info","message":"Server is listening on port "}
{"level":"info","message":"Server is listening on port "}
{"message":"Login Successfull !","level":"info"}
{"message":"Login Successfull !","level":"info"}
{"message":"Login Successfull !","level":"info"}
{"message":"Login Successfull !","level":"info"}
{"message":"Login Successfull !","level":"info"}
{"message":"Login Successfull !","level":"info"}
{"message":"Login Successfull !","level":"info"}
{"level":"info","message":"Server is listening on port "}
{"message":"Login Successfull !","level":"info"}
{"message":"Login Successfull !","level":"info"}
{"level":"info","message":"Server is listening on port "}
{"level":"info","message":"Server is listening on port "}
{"message":"Login Successfull !","level":"info"}
{"level":"info","message":"Server is listening on port "}
{"level":"info","message":"Server is listening on port "}
{"message":"Registration is done successfully !","level":"info"}
{"level":"info","message":"Server is listening on port "}
{"level":"info","message":"Server is listening on port "}
{"level":"info","message":"Server is listening on port "}
{"level":"info","message":"Server is listening on port "}
{"level":"info","message":"Server is listening on port "}
{"level":"info","message":"Server is listening on port "}
{"level":"info","message":"Server is listening on port "}
{"level":"info","message":"Server is listening on port "}
{"level":"info","message":"Server is listening on port "}
{"level":"info","message":"Server is listening on port "}
{"level":"info","message":"Server is listening on port "}
{"level":"info","message":"Server is listening on port "}
{"level":"info","message":"Server is listening on port "}
{"level":"info","message":"Server is listening on port "}
{"level":"info","message":"Server is listening on port "}
{"message":"User with this email Id is alreday exists","level":"error"}
{"level":"info","message":"Server is listening on port "}
{"level":"info","message":"Server is listening on port "}
{"message":"Login Successfull !","level":"info"}
{"level":"info","message":"Server is listening on port "}
{"message":"Login Successfull !","level":"info"}
{"level":"info","message":"Server is listening on port "}
{"level":"info","message":"Server is listening on port "}
{"level":"info","message":"Server is listening on port "}
{"level":"info","message":"Server is listening on port "}
{"level":"info","message":"Server is listening on port "}
{"level":"info","message":"Server is listening on port "}
{"level":"info","message":"Server is listening on port "}
{"level":"info","message":"Server is listening on port "}
{"level":"info","message":"Server is listening on port "}
{"message":"Login Successfull !","level":"info"}
{"level":"info","message":"Server is listening on port "}
{"message":"Login Successfull !","level":"info"}
{"level":"info","message":"Server is listening on port "}
{"level":"info","message":"Server is listening on port "}
{"level":"info","message":"Server is listening on port "}
{"level":"info","message":"Server is listening on port "}
{"level":"info","message":"Server is listening on port "}
{"level":"info","message":"Server is listening on port "}
{"message":"User with this email Id is alreday exists","level":"error"}
{"message":"User with this email Id is alreday exists","level":"error"}
{"message":"Registration is done successfully !","level":"info"}
{"level":"info","message":"Server is listening on port "}
{"message":"Registration is done successfully !","level":"info"}
{"level":"info","message":"Server is listening on port "}
{"message":"Some error occured while registering","level":"error"}
{"message":"Some error occured while registering","level":"error"}
{"message":"Some error occured while registering","level":"error"}
{"level":"info","message":"Server is listening on port "}
{"message":"Some error occured while registering","level":"error"}
{"level":"info","message":"Server is listening on port "}
{"level":"info","message":"Server is listening on port "}
{"message":"Some error occured while registering","level":"error"}
{"level":"info","message":"Server is listening on port "}
{"level":"info","message":"Server is listening on port "}
{"level":"info","message":"Server is listening on port "}
{"message":"Some error occured while registering","level":"error"}
{"level":"info","message":"Server is listening on port "}
{"message":"Some error occured while registering","level":"error"}
{"level":"info","message":"Server is listening on port "}
{"level":"info","message":"Server is listening on port "}
{"message":"Some error occured while registering","level":"error"}
{"level":"info","message":"Server is listening on port "}
{"level":"info","message":"Server is listening on port "}
